

HI-TECH Software PIC Macro Assembler V9.83 build 10920 
                                                                                                           Sun Nov 13 23:50:01 2011


     1                           
     2                           	; HI-TECH C Compiler for PIC10/12/16 MCUs V9.83
     3                           	; Copyright (C) 1984-2011 HI-TECH Software
     4                           
     5                           	; Auto-generated runtime startup code for final link stage.
     6                           
     7                           	;
     8                           	; Compiler options:
     9                           	;
    10                           	; -oChristmasOrnament2011.cof -mChristmasOrnament2011.map \
    11                           	; --summary=default --output=default main.p1 --chip=16F505 -P \
    12                           	; --runtime=default --opt=default -D__DEBUG=1 -g --asmlist \
    13                           	; --errformat=Error   [%n] %f; %l.%c %s --msgformat=Advisory[%n] %s \
    14                           	; --warnformat=Warning [%n] %f; %l.%c %s
    15                           	;
    16                           
    17                           
    18                           	processor	16F505
    19                           
    20                           	global	_main,start,_exit,reset_vec
    21                           	fnroot	_main
    22                           	psect	config,class=CONFIG,delta=2
    23                           	psect	idloc,class=IDLOC,delta=2
    24                           	psect	code,class=CODE,delta=2
    25                           	psect	powerup,class=CODE,delta=2
    26                           	psect	reset_vec,class=CODE,delta=2
    27                           	psect	maintext,class=CODE,delta=2
    28  0000                     	C	set	0
    29  0002                     	Z	set	2
    30  0002                     	PCL	set	2
    31  0000                     	INDF	set	0
    32                           
    33  0003                     	STATUS	equ	3
    34  0004                     	FSR	equ	4
    35  0005                     OSCCAL	equ	0x5
    36                           
    37                           	psect	reset_wrap,class=ENTRY,delta=2
    38                           	psect	text,class=CODE,delta=2
    39                           	psect	functab,class=ENTRY,delta=2
    40                           	psect	init,class=ENTRY,delta=2
    41                           	psect	cinit,class=ENTRY,delta=2
    42                           	psect	end_init,class=ENTRY,delta=2
    43                           	psect	clrtext,class=ENTRY,delta=2
    44                           	psect	jmp_tab,class=ENTRY,delta=2
    45                           	psect	strings,class=STRING,delta=2
    46                           
    47                           	psect	reset_vec,class=CODE,delta=2
    48  3FF                     reset_vec:
    49  3FF                     	ds 1	;oscillator constant would be pre-programmed here
    50                           	psect	reset_wrap
    51  000                     reset_wrap:
    52  000  025                	movwf	5		;calibrate oscillator
    53  001  064                	clrf FSR
    54                           	; No powerup routine
    55                           
    56                           
    57                           	psect	init
    58  002                     start
    59  002                     _exit
    60                           	psect	end_init
    61                           	global start_initialization
    62  002  4A3  A04           	ljmp start_initialization	;jump to C runtime clear & initialization


HI-TECH Software PICC Macro Assembler V9.83 build 10920 
Symbol Table                                                                                               Sun Nov 13 23:50:01 2011

                 FSR 0004                 _main 0048                 _exit 0002                 start 0002  
start_initialization 0004            reset_wrap 0000             reset_vec 03FF  
